2019-03-19 21:56:27.839  INFO 54929 --- [restartedMain] com.bubble.DemoApplication               : Starting DemoApplication on jamesde-MacBook-Pro-2.local with PID 54929 (/Users/jameschih/Desktop/demo/target/classes started by jameschih in /Users/jameschih/Desktop/demo)
2019-03-19 21:56:27.839  INFO 54929 --- [restartedMain] com.bubble.DemoApplication               : The following profiles are active: pro
2019-03-19 21:56:28.575  WARN 54929 --- [restartedMain] com.zaxxer.hikari.util.DriverDataSource  : Registered driver with driverClassName=com.mysql.jdbc.Driver was not found, trying direct instantiation.
2019-03-19 21:56:28.761  WARN 54929 --- [restartedMain] aWebConfiguration$JpaWebMvcConfiguration : spring.jpa.open-in-view is enabled by default. Therefore, database queries may be performed during view rendering. Explicitly configure spring.jpa.open-in-view to disable this warning
2019-03-19 21:56:28.823  WARN 54929 --- [restartedMain] ion$DefaultTemplateResolverConfiguration : Cannot find template location: classpath:/templates/ (please add some templates or check your Thymeleaf configuration)
2019-03-19 21:56:28.960  INFO 54929 --- [restartedMain] com.bubble.DemoApplication               : Started DemoApplication in 1.167 seconds (JVM running for 112.472)
2019-03-19 22:02:22.240  INFO 54929 --- [restartedMain] com.bubble.DemoApplication               : Starting DemoApplication on jamesde-MacBook-Pro-2.local with PID 54929 (/Users/jameschih/Desktop/demo/target/classes started by jameschih in /Users/jameschih/Desktop/demo)
2019-03-19 22:02:22.242  INFO 54929 --- [restartedMain] com.bubble.DemoApplication               : The following profiles are active: pro
2019-03-19 22:02:22.883  WARN 54929 --- [restartedMain] com.zaxxer.hikari.util.DriverDataSource  : Registered driver with driverClassName=com.mysql.jdbc.Driver was not found, trying direct instantiation.
2019-03-19 22:02:23.053  WARN 54929 --- [restartedMain] aWebConfiguration$JpaWebMvcConfiguration : spring.jpa.open-in-view is enabled by default. Therefore, database queries may be performed during view rendering. Explicitly configure spring.jpa.open-in-view to disable this warning
2019-03-19 22:02:23.224  INFO 54929 --- [restartedMain] com.bubble.DemoApplication               : Started DemoApplication in 1.202 seconds (JVM running for 466.725)
2019-03-19 22:02:42.178  INFO 54929 --- [restartedMain] com.bubble.DemoApplication               : Starting DemoApplication on jamesde-MacBook-Pro-2.local with PID 54929 (/Users/jameschih/Desktop/demo/target/classes started by jameschih in /Users/jameschih/Desktop/demo)
2019-03-19 22:02:42.178  INFO 54929 --- [restartedMain] com.bubble.DemoApplication               : The following profiles are active: pro
2019-03-19 22:02:43.436  WARN 54929 --- [restartedMain] com.zaxxer.hikari.util.DriverDataSource  : Registered driver with driverClassName=com.mysql.jdbc.Driver was not found, trying direct instantiation.
2019-03-19 22:02:43.768  WARN 54929 --- [restartedMain] aWebConfiguration$JpaWebMvcConfiguration : spring.jpa.open-in-view is enabled by default. Therefore, database queries may be performed during view rendering. Explicitly configure spring.jpa.open-in-view to disable this warning
2019-03-19 22:02:44.147  INFO 54929 --- [restartedMain] com.bubble.DemoApplication               : Started DemoApplication in 2.045 seconds (JVM running for 487.648)
2019-03-19 22:02:56.302  INFO 54929 --- [restartedMain] com.bubble.DemoApplication               : Starting DemoApplication on jamesde-MacBook-Pro-2.local with PID 54929 (/Users/jameschih/Desktop/demo/target/classes started by jameschih in /Users/jameschih/Desktop/demo)
2019-03-19 22:02:56.308  INFO 54929 --- [restartedMain] com.bubble.DemoApplication               : The following profiles are active: pro
2019-03-19 22:02:57.325  WARN 54929 --- [restartedMain] com.zaxxer.hikari.util.DriverDataSource  : Registered driver with driverClassName=com.mysql.jdbc.Driver was not found, trying direct instantiation.
2019-03-19 22:02:57.537  WARN 54929 --- [restartedMain] aWebConfiguration$JpaWebMvcConfiguration : spring.jpa.open-in-view is enabled by default. Therefore, database queries may be performed during view rendering. Explicitly configure spring.jpa.open-in-view to disable this warning
2019-03-19 22:02:57.841  INFO 54929 --- [restartedMain] com.bubble.DemoApplication               : Started DemoApplication in 1.59 seconds (JVM running for 501.341)
2019-03-19 22:04:00.259  INFO 54929 --- [restartedMain] com.bubble.DemoApplication               : Starting DemoApplication on jamesde-MacBook-Pro-2.local with PID 54929 (/Users/jameschih/Desktop/demo/target/classes started by jameschih in /Users/jameschih/Desktop/demo)
2019-03-19 22:04:00.263  INFO 54929 --- [restartedMain] com.bubble.DemoApplication               : The following profiles are active: pro
2019-03-19 22:04:00.844  WARN 54929 --- [restartedMain] com.zaxxer.hikari.util.DriverDataSource  : Registered driver with driverClassName=com.mysql.jdbc.Driver was not found, trying direct instantiation.
2019-03-19 22:04:00.984  WARN 54929 --- [restartedMain] aWebConfiguration$JpaWebMvcConfiguration : spring.jpa.open-in-view is enabled by default. Therefore, database queries may be performed during view rendering. Explicitly configure spring.jpa.open-in-view to disable this warning
2019-03-19 22:04:01.139  INFO 54929 --- [restartedMain] com.bubble.DemoApplication               : Started DemoApplication in 0.921 seconds (JVM running for 564.637)
